<?xml version="1.0" encoding="UTF-8"?>
<!-- Generated by org.testng.reporters.JUnitXMLReporter -->
<testsuite hostname="ADFL-1312" ignored="4" name="Surefire test" tests="6" failures="0" timestamp="04 Sep 2022 06:48:25 GMT" time="28.703" errors="0">
  <testcase name="sendPostRequest" time="6.349" classname="chain.CreateIncidentTests"/>
  <testcase name="sendUpdateRequest" time="4.376" classname="chain.UpdateIncidentTests"/>
  <testcase name="runScenario" time="4.445" classname="io.cucumber.testng.AbstractTestNGCucumberTests"/>
  <testcase name="runScenario" time="4.403" classname="io.cucumber.testng.AbstractTestNGCucumberTests"/>
  <testcase name="sendDeleteRequest" time="3.947" classname="chain.DeleteIncidentTests"/>
  <testcase name="sendGetRequest" time="4.812" classname="chain.GetIncidentTests"/>
  <testcase name="@BeforeSuite before" time="0.0" classname="chain.TestNGSetup">
    <ignored/>
  </testcase> <!-- @BeforeSuite before -->
  <testcase name="@BeforeSuite before" time="0.0" classname="chain.TestNGSetup">
    <ignored/>
  </testcase> <!-- @BeforeSuite before -->
  <testcase name="@BeforeSuite before" time="0.0" classname="chain.TestNGSetup">
    <ignored/>
  </testcase> <!-- @BeforeSuite before -->
  <testcase name="@BeforeSuite before" time="0.0" classname="chain.TestNGSetup">
    <ignored/>
  </testcase> <!-- @BeforeSuite before -->
</testsuite> <!-- Surefire test -->
