<?xml version="1.0" encoding="UTF-8"?>
<testng-results skipped="0" failed="0" ignored="0" total="2" passed="2">
  <reporter-output>
  </reporter-output>
  <suite name="Default suite" duration-ms="13791" started-at="2022-09-04T12:03:29 IST" finished-at="2022-09-04T12:03:42 IST">
    <groups>
      <group name="cucumber">
        <method signature="AbstractTestNGCucumberTests.runScenario(io.cucumber.testng.PickleWrapper,io.cucumber.testng.FeatureWrapper)[pri:0, instance:runner.RunTest@7555b920]" name="runScenario" class="io.cucumber.testng.AbstractTestNGCucumberTests"/>
      </group> <!-- cucumber -->
    </groups>
    <test name="Default test" duration-ms="13791" started-at="2022-09-04T12:03:29 IST" finished-at="2022-09-04T12:03:42 IST">
      <class name="runner.RunTest">
        <test-method status="PASS" signature="setUpClass()[pri:0, instance:runner.RunTest@7555b920]" name="setUpClass" is-config="true" duration-ms="327" started-at="2022-09-04T12:03:29 IST" finished-at="2022-09-04T12:03:29 IST">
          <reporter-output>
          </reporter-output>
        </test-method> <!-- setUpClass -->
        <test-method status="PASS" signature="runScenario(io.cucumber.testng.PickleWrapper,io.cucumber.testng.FeatureWrapper)[pri:0, instance:runner.RunTest@7555b920]" name="runScenario" duration-ms="9157" started-at="2022-09-04T12:03:29 IST" description="Runs Cucumber Scenarios" data-provider="scenarios" finished-at="2022-09-04T12:03:38 IST">
          <params>
            <param index="0">
              <value>
                <![CDATA["TC001 Create a Incident without any body in the HTTP request"]]>
              </value>
            </param>
            <param index="1">
              <value>
                <![CDATA["Incident Management in the Service now application"]]>
              </value>
            </param>
          </params>
          <reporter-output>
          </reporter-output>
        </test-method> <!-- runScenario -->
        <test-method status="PASS" signature="runScenario(io.cucumber.testng.PickleWrapper,io.cucumber.testng.FeatureWrapper)[pri:0, instance:runner.RunTest@7555b920]" name="runScenario" duration-ms="4249" started-at="2022-09-04T12:03:38 IST" description="Runs Cucumber Scenarios" data-provider="scenarios" finished-at="2022-09-04T12:03:42 IST">
          <params>
            <param index="0">
              <value>
                <![CDATA["TC002 Create a Incident with body as file in the HTTP request"]]>
              </value>
            </param>
            <param index="1">
              <value>
                <![CDATA["Incident Management in the Service now application"]]>
              </value>
            </param>
          </params>
          <reporter-output>
          </reporter-output>
        </test-method> <!-- runScenario -->
        <test-method status="PASS" signature="tearDownClass()[pri:0, instance:runner.RunTest@7555b920]" name="tearDownClass" is-config="true" duration-ms="3" started-at="2022-09-04T12:03:42 IST" finished-at="2022-09-04T12:03:42 IST">
          <reporter-output>
          </reporter-output>
        </test-method> <!-- tearDownClass -->
      </class> <!-- runner.RunTest -->
    </test> <!-- Default test -->
  </suite> <!-- Default suite -->
</testng-results>
